<?xml version="1.0" encoding="UTF-8"?>
<!-- Generated by org.testng.reporters.JUnitReportReporter -->
<testsuite hostname="Sachins-MacBook-Air.local" failures="0" tests="3" name="TestNg.paramtestng" time="0.035" errors="0" timestamp="2025-06-20T00:29:31 IST" skipped="0">
  <testcase classname="TestNg.paramtestng" name="testlogo" time="0.024"/>
  <testcase classname="TestNg.paramtestng" name="testtitle" time="0.005"/>
  <testcase classname="TestNg.paramtestng" name="testurl" time="0.006"/>
</testsuite> <!-- TestNg.paramtestng -->
